Arguments: 
  C:\Program Files (x86)\nodejs\node.exe C:\Program Files (x86)\Yarn\bin\yarn.js add typeorm migration:create -n AddWomemPriceManColumnsToParties

PATH: 
  C:\Program Files (x86)\Common Files\Intel\Shared Libraries\redist\intel64_win\compiler;C:\Program Files\NVIDIA GPU Computing Toolkit\CUDA\v11.3\bin;C:\Program Files\NVIDIA GPU Computing Toolkit\CUDA\v11.3\libnvvp;C:\Python39\Scripts\;C:\Python39\;C:\WINDOWS\system32;C:\WINDOWS;C:\WINDOWS\System32\Wbem;C:\WINDOWS\System32\WindowsPowerShell\v1.0\;C:\WINDOWS\System32\OpenSSH\;C:\Program Files\NVIDIA Corporation\NVIDIA NvDLISR;C:\Program Files (x86)\NVIDIA Corporation\PhysX\Common;C:\Program Files (x86)\nodejs\;C:\ProgramData\chocolatey\bin;C:\Program Files\PuTTY\;C:\Program Files (x86)\Yarn\bin\;C:\Program Files\Git\cmd;C:\Program Files\OpenJDK\openjdk-11.0.10_9\bin;C:\Program Files\NVIDIA Corporation\Nsight Compute 2021.1.0\;C:\Program Files\Docker\Docker\resources\bin;C:\ProgramData\DockerDesktop\version-bin;C:\Users\Antonio\AppData\Local\Microsoft\WindowsApps;C:\Microsoft VS Code\bin;C:\Users\Antonio\AppData\Roaming\npm;C:\Users\Antonio\AppData\Local\hyper\app-3.0.2\resources\bin;C:\Users\Antonio\AppData\Local\Yarn\bin;C:\Users\Antonio\AppData\Local\GitHubDesktop\bin;C:\flutter\bin;D:\Android\Sdk\emulator;D:\Android\Sdk\tools;D:\Android\Sdk\tools\bin;D:\Android\Sdk\platform-tools;C:\msys64\usr\bin;C:\Program Files\NVIDIA GPU Computing Toolkit\CUDA\v11.3\bin;C:\Program Files\NVIDIA GPU Computing Toolkit\CUDA\v11.3\libnvvp;C:\Program Files\NVIDIA GPU Computing Toolkit\CUDA\v11.3\extras\CUPTI\lib64;C:\Program Files\IBM\Cloud\bin

Yarn version: 
  1.22.5

Node version: 
  12.21.0

Platform: 
  win32 ia32

Trace: 
  Error: migration:create: Invalid protocol: migration:
      at Request.module.exports.Request.init (C:\Program Files (x86)\Yarn\lib\cli.js:141018:31)
      at new Request (C:\Program Files (x86)\Yarn\lib\cli.js:140691:8)
      at request (C:\Program Files (x86)\Yarn\lib\cli.js:137597:10)
      at RequestManager.execute (C:\Program Files (x86)\Yarn\lib\cli.js:66149:15)
      at RequestManager.shiftQueue (C:\Program Files (x86)\Yarn\lib\cli.js:66187:10)
      at C:\Program Files (x86)\Yarn\lib\cli.js:65856:13
      at new Promise (<anonymous>)
      at new F (C:\Program Files (x86)\Yarn\lib\cli.js:5301:28)
      at RequestManager.request (C:\Program Files (x86)\Yarn\lib\cli.js:65854:19)
      at NpmRegistry.<anonymous> (C:\Program Files (x86)\Yarn\lib\cli.js:31704:42)

npm manifest: 
  {
    "name": "primeiro-projeto-node",
    "version": "1.0.0",
    "main": "index.js",
    "license": "MIT",
    "scripts": {
      "build": "babel src --extensions \".js,.ts\" --out-dir dist --copy-files",
      "dev:server": "ts-node-dev -r tsconfig-paths/register --inspect --transpileOnly --ignore-watch node_modules src/shared/infra/http/server.ts",
      "start": "ts-node src/shared/infra/http/server.ts",
      "typeorm": "ts-node-dev -r tsconfig-paths/register ./node_modules/typeorm/cli.js",
      "test": "jest"
    },
    "dependencies": {
      "@types/connect-redis": "^0.0.14",
      "@types/express-session": "^1.17.0",
      "@types/jsonwebtoken": "^8.3.9",
      "@types/redis": "^2.8.21",
      "aws-sdk": "^2.677.0",
      "bcryptjs": "^2.4.3",
      "celebrate": "^12.1.1",
      "class-transformer": "^0.2.3",
      "connect-redis": "^5.0.0",
      "cors": "^2.8.5",
      "date-fns": "^2.12.0",
      "date-fns-tz": "^1.0.12",
      "dotenv": "^8.2.0",
      "express": "^4.17.1",
      "express-async-errors": "^3.1.1",
      "express-session": "^1.17.1",
      "handlebars": "^4.7.6",
      "ioredis": "^4.19.0",
      "jsonwebtoken": "^8.5.1",
      "mime": "^2.4.5",
      "mongodb": "^3.5.7",
      "multer": "^1.4.2",
      "nodemailer": "^6.4.6",
      "pg": "^8.0.2",
      "rate-limiter-flexible": "^2.1.4",
      "redis": "^3.0.2",
      "reflect-metadata": "^0.1.13",
      "tsyringe": "^4.2.0",
      "twilio": "^3.59.0",
      "typeorm": "^0.2.24",
      "uuidv4": "^6.0.7"
    },
    "devDependencies": {
      "@babel/cli": "^7.12.1",
      "@babel/core": "^7.12.3",
      "@babel/node": "^7.12.1",
      "@babel/plugin-proposal-decorators": "^7.10.5",
      "@babel/preset-env": "^7.12.1",
      "@babel/preset-typescript": "^7.12.1",
      "@types/bcryptjs": "^2.4.2",
      "@types/cors": "^2.8.6",
      "@types/express": "^4.17.6",
      "@types/hapi__joi": "^17.1.0",
      "@types/ioredis": "^4.17.6",
      "@types/jest": "^25.2.1",
      "@types/mongodb": "^3.5.16",
      "@types/multer": "^1.4.2",
      "@types/nodemailer": "^6.4.0",
      "@types/twilio": "^3.19.3",
      "@typescript-eslint/eslint-plugin": "^2.27.0",
      "@typescript-eslint/parser": "^2.27.0",
      "babel-plugin-module-resolver": "^4.0.0",
      "babel-plugin-transform-typescript-metadata": "^0.3.1",
      "eslint": "^6.8.0",
      "eslint-config-airbnb-base": "^14.1.0",
      "eslint-config-prettier": "^6.10.1",
      "eslint-import-resolver-typescript": "^2.0.0",
      "eslint-plugin-import": "2.20.1",
      "eslint-plugin-prettier": "^3.1.3",
      "jest": "^26.0.1",
      "prettier": "^2.0.4",
      "ts-jest": "^25.5.1",
      "ts-node-dev": "^1.0.0-pre.44",
      "tsconfig-paths": "^3.9.0",
      "typescript": "^3.8.3"
    }
  }

yarn manifest: 
  No manifest

Lockfile: 
  No lockfile
